<?xml version="1.0" encoding="UTF-8"?>
<!-- Generated by org.testng.reporters.JUnitXMLReporter -->
<testsuite ignored="16" hostname="Kaushals-MacBook-Pro.local" failures="1" tests="1" name="Default test(failed)" time="33.879" errors="0" timestamp="2021-10-15T20:31:10 GMT-04:00">
  <testcase classname="com.training.test.home.HomeTest" name="CheckRecurrence" time="21.562">
    <failure type="org.openqa.selenium.TimeoutException" message="Expected condition failed: waiting for visibility of Proxy element for: DefaultElementLocator &amp;apos;By.xpath: //a[normalize-space()=&amp;apos;Sunday October 10, 2021&amp;apos;]&amp;apos; (tried for 10 second(s) with 500 milliseconds interval)">
      <![CDATA[org.openqa.selenium.TimeoutException: Expected condition failed: waiting for visibility of Proxy element for: DefaultElementLocator 'By.xpath: //a[normalize-space()='Sunday October 10, 2021']' (tried for 10 second(s) with 500 milliseconds interval)
at org.openqa.selenium.support.ui.WebDriverWait.timeoutException(WebDriverWait.java:95)
at org.openqa.selenium.support.ui.FluentWait.until(FluentWait.java:272)
at com.training.Base.BaseTest.waitforElement(BaseTest.java:43)
at com.training.test.home.HomeTest.CheckRecurrence(HomeTest.java:377)
at java.base/java.util.ArrayList.forEach(ArrayList.java:1511)
Caused by: org.openqa.selenium.NoSuchElementException: no such element: Unable to locate element: {"method":"xpath","selector":"//a[normalize-space()='Sunday October 10, 2021']"}
  (Session info: chrome=94.0.4606.81)
For documentation on this error, please visit: https://www.seleniumhq.org/exceptions/no_such_element.html
Build info: version: '3.141.59', revision: 'e82be7d358', time: '2018-11-14T08:17:03'
System info: host: 'Kaushals-MacBook-Pro.local', ip: 'fe80:0:0:0:e1:27ec:b6f8:9f5a%en0', os.name: 'Mac OS X', os.arch: 'x86_64', os.version: '10.14.6', java.version: '16.0.2'
Driver info: org.openqa.selenium.chrome.ChromeDriver
Capabilities {acceptInsecureCerts: false, browserName: chrome, browserVersion: 94.0.4606.81, chrome: {chromedriverVersion: 94.0.4606.61 (418b78f5838ed..., userDataDir: /var/folders/gd/g04b2bb17q3...}, goog:chromeOptions: {debuggerAddress: localhost:57773}, javascriptEnabled: true, networkConnectionEnabled: false, pageLoadStrategy: normal, platform: MAC, platformName: MAC, proxy: Proxy(), setWindowRect: true, strictFileInteractability: false, timeouts: {implicit: 0, pageLoad: 300000, script: 30000}, unhandledPromptBehavior: dismiss and notify, webauthn:extension:credBlob: true, webauthn:extension:largeBlob: true, webauthn:virtualAuthenticators: true}
Session ID: 217cac5c08925e3907ee776a1a1134a4
*** Element info: {Using=xpath, value=//a[normalize-space()='Sunday October 10, 2021']}
at org.openqa.selenium.remote.http.W3CHttpResponseCodec.createException(W3CHttpResponseCodec.java:187)
at org.openqa.selenium.remote.http.W3CHttpResponseCodec.decode(W3CHttpResponseCodec.java:122)
at org.openqa.selenium.remote.http.W3CHttpResponseCodec.decode(W3CHttpResponseCodec.java:49)
at org.openqa.selenium.remote.HttpCommandExecutor.execute(HttpCommandExecutor.java:158)
at org.openqa.selenium.remote.service.DriverCommandExecutor.execute(DriverCommandExecutor.java:83)
at org.openqa.selenium.remote.RemoteWebDriver.execute(RemoteWebDriver.java:552)
at org.openqa.selenium.remote.RemoteWebDriver.findElement(RemoteWebDriver.java:323)
at org.openqa.selenium.remote.RemoteWebDriver.findElementByXPath(RemoteWebDriver.java:428)
at org.openqa.selenium.By$ByXPath.findElement(By.java:353)
at org.openqa.selenium.remote.RemoteWebDriver.findElement(RemoteWebDriver.java:315)
at org.openqa.selenium.support.pagefactory.DefaultElementLocator.findElement(DefaultElementLocator.java:69)
at org.openqa.selenium.support.pagefactory.internal.LocatingElementHandler.invoke(LocatingElementHandler.java:38)
at jdk.proxy2/jdk.proxy2.$Proxy9.isDisplayed(Unknown Source)
at org.openqa.selenium.support.ui.ExpectedConditions.elementIfVisible(ExpectedConditions.java:314)
at org.openqa.selenium.support.ui.ExpectedConditions.access$000(ExpectedConditions.java:43)
at org.openqa.selenium.support.ui.ExpectedConditions$10.apply(ExpectedConditions.java:300)
at org.openqa.selenium.support.ui.ExpectedConditions$10.apply(ExpectedConditions.java:297)
at org.openqa.selenium.support.ui.FluentWait.until(FluentWait.java:249)
... 30 more
... Removed 31 stack frames]]>
    </failure>
  </testcase> <!-- CheckRecurrence -->
  <testcase classname="com.training.test.home.HomeTest" name="UploadFile" time="0.0">
    <ignored/>
  </testcase> <!-- UploadFile -->
  <testcase classname="com.training.test.home.HomeTest" name="CalanderNReminder" time="0.0">
    <ignored/>
  </testcase> <!-- CalanderNReminder -->
  <testcase classname="com.training.test.home.HomeTest" name="Logout" time="0.0">
    <ignored/>
  </testcase> <!-- Logout -->
  <testcase classname="com.training.test.home.HomeTest" name="editabout" time="0.0">
    <ignored/>
  </testcase> <!-- editabout -->
  <testcase classname="com.training.test.home.HomeTest" name="DisplayNLayout" time="0.0">
    <ignored/>
  </testcase> <!-- DisplayNLayout -->
  <testcase classname="com.training.test.home.HomeTest" name="Uploadphoto" time="0.0">
    <ignored/>
  </testcase> <!-- Uploadphoto -->
  <testcase classname="com.training.test.home.HomeTest" name="MySetting" time="0.0">
    <ignored/>
  </testcase> <!-- MySetting -->
  <testcase classname="com.training.test.home.HomeTest" name="DeveloperConsole" time="0.0">
    <ignored/>
  </testcase> <!-- DeveloperConsole -->
  <testcase classname="com.training.test.home.HomeTest" name="Post" time="0.0">
    <ignored/>
  </testcase> <!-- Post -->
  <testcase classname="com.training.test.home.HomeTest" name="Displayusermenu" time="0.0">
    <ignored/>
  </testcase> <!-- Displayusermenu -->
  <testcase classname="com.training.test.home.HomeTest" name="EmailSetting" time="0.0">
    <ignored/>
  </testcase> <!-- EmailSetting -->
  <testcase classname="com.training.test.home.HomeTest" name="Misc1" time="0.0">
    <ignored/>
  </testcase> <!-- Misc1 -->
  <testcase classname="com.training.test.home.HomeTest" name="CustmizeTab" time="0.0">
    <ignored/>
  </testcase> <!-- CustmizeTab -->
  <testcase classname="com.training.test.home.HomeTest" name="Misc2" time="0.0">
    <ignored/>
  </testcase> <!-- Misc2 -->
  <testcase classname="com.training.test.home.HomeTest" name="validateusermenu" time="0.0">
    <ignored/>
  </testcase> <!-- validateusermenu -->
  <testcase classname="com.training.test.home.HomeTest" name="Date" time="0.0">
    <ignored/>
  </testcase> <!-- Date -->
</testsuite> <!-- Default test(failed) -->
