<?xml version="1.0" encoding="UTF-8"?>
<!-- Generated by org.testng.reporters.JUnitXMLReporter -->
<testsuite ignored="0" hostname="Kaushals-MacBook-Pro.local" failures="5" tests="5" name="Sales Fource TestNG" time="90.731" errors="0" timestamp="2021-09-20T19:58:16 GMT-04:00">
  <testcase classname="salesforceTestng.SalesforceTestngTest1" name="velidate" time="8.771">
    <failure type="org.openqa.selenium.WebDriverException" message="unknown error: Chrome failed to start: crashed.
  (chrome not reachable)
  (The process started from chrome location /Applications/Google Chrome.app/Contents/MacOS/Google Chrome is no longer running, so ChromeDriver is assuming that Chrome has crashed.)
Build info: version: &amp;apos;3.141.59&amp;apos;, revision: &amp;apos;e82be7d358&amp;apos;, time: &amp;apos;2018-11-14T08:17:03&amp;apos;
System info: host: &amp;apos;Kaushals-MacBook-Pro.local&amp;apos;, ip: &amp;apos;fe80:0:0:0:65:7b0f:9cab:3fdd%en0&amp;apos;, os.name: &amp;apos;Mac OS X&amp;apos;, os.arch: &amp;apos;x86_64&amp;apos;, os.version: &amp;apos;10.14.6&amp;apos;, java.version: &amp;apos;16.0.2&amp;apos;
Driver info: driver.version: ChromeDriver
remote stacktrace: 0   chromedriver                        0x0000000100fff6d9 chromedriver + 2758361
1   chromedriver                        0x00000001016b2893 chromedriver + 9783443
2   chromedriver                        0x0000000100d8aad8 chromedriver + 183000
3   chromedriver                        0x0000000100dad07d chromedriver + 323709
4   chromedriver                        0x0000000100da8b16 chromedriver + 305942
5   chromedriver                        0x0000000100de1a82 chromedriver + 539266
6   chromedriver                        0x0000000100ddbd43 chromedriver + 515395
7   chromedriver                        0x0000000100db2a0e chromedriver + 346638
8   chromedriver                        0x0000000100db3c75 chromedriver + 351349
9   chromedriver                        0x0000000100fc61df chromedriver + 2523615
10  chromedriver                        0x0000000100fd89f2 chromedriver + 2599410
11  chromedriver                        0x0000000100fab02b chromedriver + 2412587
12  chromedriver                        0x0000000100fd9e1a chromedriver + 2604570
13  chromedriver                        0x0000000100fbb96c chromedriver + 2480492
14  chromedriver                        0x0000000100ff3d38 chromedriver + 2710840
15  chromedriver                        0x0000000100ff3ec1 chromedriver + 2711233
16  chromedriver                        0x00000001010046f8 chromedriver + 2778872
17  libsystem_pthread.dylib             0x00007fff696912eb _pthread_body + 126
18  libsystem_pthread.dylib             0x00007fff69694249 _pthread_start + 66
19  libsystem_pthread.dylib             0x00007fff6969040d thread_start + 13
">
      <![CDATA[org.openqa.selenium.WebDriverException: unknown error: Chrome failed to start: crashed.
  (chrome not reachable)
  (The process started from chrome location /Applications/Google Chrome.app/Contents/MacOS/Google Chrome is no longer running, so ChromeDriver is assuming that Chrome has crashed.)
Build info: version: '3.141.59', revision: 'e82be7d358', time: '2018-11-14T08:17:03'
System info: host: 'Kaushals-MacBook-Pro.local', ip: 'fe80:0:0:0:65:7b0f:9cab:3fdd%en0', os.name: 'Mac OS X', os.arch: 'x86_64', os.version: '10.14.6', java.version: '16.0.2'
Driver info: driver.version: ChromeDriver
remote stacktrace: 0   chromedriver                        0x0000000100fff6d9 chromedriver + 2758361
1   chromedriver                        0x00000001016b2893 chromedriver + 9783443
2   chromedriver                        0x0000000100d8aad8 chromedriver + 183000
3   chromedriver                        0x0000000100dad07d chromedriver + 323709
4   chromedriver                        0x0000000100da8b16 chromedriver + 305942
5   chromedriver                        0x0000000100de1a82 chromedriver + 539266
6   chromedriver                        0x0000000100ddbd43 chromedriver + 515395
7   chromedriver                        0x0000000100db2a0e chromedriver + 346638
8   chromedriver                        0x0000000100db3c75 chromedriver + 351349
9   chromedriver                        0x0000000100fc61df chromedriver + 2523615
10  chromedriver                        0x0000000100fd89f2 chromedriver + 2599410
11  chromedriver                        0x0000000100fab02b chromedriver + 2412587
12  chromedriver                        0x0000000100fd9e1a chromedriver + 2604570
13  chromedriver                        0x0000000100fbb96c chromedriver + 2480492
14  chromedriver                        0x0000000100ff3d38 chromedriver + 2710840
15  chromedriver                        0x0000000100ff3ec1 chromedriver + 2711233
16  chromedriver                        0x00000001010046f8 chromedriver + 2778872
17  libsystem_pthread.dylib             0x00007fff696912eb _pthread_body + 126
18  libsystem_pthread.dylib             0x00007fff69694249 _pthread_start + 66
19  libsystem_pthread.dylib             0x00007fff6969040d thread_start + 13

at org.openqa.selenium.remote.W3CHandshakeResponse.lambda$errorHandler$0(W3CHandshakeResponse.java:62)
at org.openqa.selenium.remote.HandshakeResponse.lambda$getResponseFunction$0(HandshakeResponse.java:30)
at org.openqa.selenium.remote.ProtocolHandshake.lambda$createSession$0(ProtocolHandshake.java:126)
at java.base/java.util.stream.ReferencePipeline$3$1.accept(ReferencePipeline.java:197)
at java.base/java.util.Spliterators$ArraySpliterator.tryAdvance(Spliterators.java:958)
at java.base/java.util.stream.ReferencePipeline.forEachWithCancel(ReferencePipeline.java:129)
at java.base/java.util.stream.AbstractPipeline.copyIntoWithCancel(AbstractPipeline.java:502)
at java.base/java.util.stream.AbstractPipeline.copyInto(AbstractPipeline.java:488)
at java.base/java.util.stream.AbstractPipeline.wrapAndCopyInto(AbstractPipeline.java:474)
at java.base/java.util.stream.FindOps$FindOp.evaluateSequential(FindOps.java:150)
at java.base/java.util.stream.AbstractPipeline.evaluate(AbstractPipeline.java:234)
at java.base/java.util.stream.ReferencePipeline.findFirst(ReferencePipeline.java:647)
at org.openqa.selenium.remote.ProtocolHandshake.createSession(ProtocolHandshake.java:128)
at org.openqa.selenium.remote.ProtocolHandshake.createSession(ProtocolHandshake.java:74)
at org.openqa.selenium.remote.HttpCommandExecutor.execute(HttpCommandExecutor.java:136)
at org.openqa.selenium.remote.service.DriverCommandExecutor.execute(DriverCommandExecutor.java:83)
at org.openqa.selenium.remote.RemoteWebDriver.execute(RemoteWebDriver.java:552)
at org.openqa.selenium.remote.RemoteWebDriver.startSession(RemoteWebDriver.java:213)
at org.openqa.selenium.remote.RemoteWebDriver.<init>(RemoteWebDriver.java:131)
at org.openqa.selenium.chrome.ChromeDriver.<init>(ChromeDriver.java:181)
at org.openqa.selenium.chrome.ChromeDriver.<init>(ChromeDriver.java:168)
at org.openqa.selenium.chrome.ChromeDriver.<init>(ChromeDriver.java:123)
at salesforceTestng.SalesforceTestngTest1.velidate(SalesforceTestngTest1.java:15)
at java.base/java.util.ArrayList.forEach(ArrayList.java:1511)
... Removed 32 stack frames]]>
    </failure>
  </testcase> <!-- velidate -->
  <testcase classname="salesforceTestng.SalesfourceTestingTest2" name="velidate" time="1.471">
    <failure type="org.openqa.selenium.WebDriverException" message="unknown error: Chrome failed to start: crashed.
  (chrome not reachable)
  (The process started from chrome location /Applications/Google Chrome.app/Contents/MacOS/Google Chrome is no longer running, so ChromeDriver is assuming that Chrome has crashed.)
Build info: version: &amp;apos;3.141.59&amp;apos;, revision: &amp;apos;e82be7d358&amp;apos;, time: &amp;apos;2018-11-14T08:17:03&amp;apos;
System info: host: &amp;apos;Kaushals-MacBook-Pro.local&amp;apos;, ip: &amp;apos;fe80:0:0:0:65:7b0f:9cab:3fdd%en0&amp;apos;, os.name: &amp;apos;Mac OS X&amp;apos;, os.arch: &amp;apos;x86_64&amp;apos;, os.version: &amp;apos;10.14.6&amp;apos;, java.version: &amp;apos;16.0.2&amp;apos;
Driver info: driver.version: ChromeDriver
remote stacktrace: 0   chromedriver                        0x000000010b4aa6d9 chromedriver + 2758361
1   chromedriver                        0x000000010bb5d893 chromedriver + 9783443
2   chromedriver                        0x000000010b235ad8 chromedriver + 183000
3   chromedriver                        0x000000010b25807d chromedriver + 323709
4   chromedriver                        0x000000010b253b16 chromedriver + 305942
5   chromedriver                        0x000000010b28ca82 chromedriver + 539266
6   chromedriver                        0x000000010b286d43 chromedriver + 515395
7   chromedriver                        0x000000010b25da0e chromedriver + 346638
8   chromedriver                        0x000000010b25ec75 chromedriver + 351349
9   chromedriver                        0x000000010b4711df chromedriver + 2523615
10  chromedriver                        0x000000010b4839f2 chromedriver + 2599410
11  chromedriver                        0x000000010b45602b chromedriver + 2412587
12  chromedriver                        0x000000010b484e1a chromedriver + 2604570
13  chromedriver                        0x000000010b46696c chromedriver + 2480492
14  chromedriver                        0x000000010b49ed38 chromedriver + 2710840
15  chromedriver                        0x000000010b49eec1 chromedriver + 2711233
16  chromedriver                        0x000000010b4af6f8 chromedriver + 2778872
17  libsystem_pthread.dylib             0x00007fff696912eb _pthread_body + 126
18  libsystem_pthread.dylib             0x00007fff69694249 _pthread_start + 66
19  libsystem_pthread.dylib             0x00007fff6969040d thread_start + 13
">
      <![CDATA[org.openqa.selenium.WebDriverException: unknown error: Chrome failed to start: crashed.
  (chrome not reachable)
  (The process started from chrome location /Applications/Google Chrome.app/Contents/MacOS/Google Chrome is no longer running, so ChromeDriver is assuming that Chrome has crashed.)
Build info: version: '3.141.59', revision: 'e82be7d358', time: '2018-11-14T08:17:03'
System info: host: 'Kaushals-MacBook-Pro.local', ip: 'fe80:0:0:0:65:7b0f:9cab:3fdd%en0', os.name: 'Mac OS X', os.arch: 'x86_64', os.version: '10.14.6', java.version: '16.0.2'
Driver info: driver.version: ChromeDriver
remote stacktrace: 0   chromedriver                        0x000000010b4aa6d9 chromedriver + 2758361
1   chromedriver                        0x000000010bb5d893 chromedriver + 9783443
2   chromedriver                        0x000000010b235ad8 chromedriver + 183000
3   chromedriver                        0x000000010b25807d chromedriver + 323709
4   chromedriver                        0x000000010b253b16 chromedriver + 305942
5   chromedriver                        0x000000010b28ca82 chromedriver + 539266
6   chromedriver                        0x000000010b286d43 chromedriver + 515395
7   chromedriver                        0x000000010b25da0e chromedriver + 346638
8   chromedriver                        0x000000010b25ec75 chromedriver + 351349
9   chromedriver                        0x000000010b4711df chromedriver + 2523615
10  chromedriver                        0x000000010b4839f2 chromedriver + 2599410
11  chromedriver                        0x000000010b45602b chromedriver + 2412587
12  chromedriver                        0x000000010b484e1a chromedriver + 2604570
13  chromedriver                        0x000000010b46696c chromedriver + 2480492
14  chromedriver                        0x000000010b49ed38 chromedriver + 2710840
15  chromedriver                        0x000000010b49eec1 chromedriver + 2711233
16  chromedriver                        0x000000010b4af6f8 chromedriver + 2778872
17  libsystem_pthread.dylib             0x00007fff696912eb _pthread_body + 126
18  libsystem_pthread.dylib             0x00007fff69694249 _pthread_start + 66
19  libsystem_pthread.dylib             0x00007fff6969040d thread_start + 13

at org.openqa.selenium.remote.W3CHandshakeResponse.lambda$errorHandler$0(W3CHandshakeResponse.java:62)
at org.openqa.selenium.remote.HandshakeResponse.lambda$getResponseFunction$0(HandshakeResponse.java:30)
at org.openqa.selenium.remote.ProtocolHandshake.lambda$createSession$0(ProtocolHandshake.java:126)
at java.base/java.util.stream.ReferencePipeline$3$1.accept(ReferencePipeline.java:197)
at java.base/java.util.Spliterators$ArraySpliterator.tryAdvance(Spliterators.java:958)
at java.base/java.util.stream.ReferencePipeline.forEachWithCancel(ReferencePipeline.java:129)
at java.base/java.util.stream.AbstractPipeline.copyIntoWithCancel(AbstractPipeline.java:502)
at java.base/java.util.stream.AbstractPipeline.copyInto(AbstractPipeline.java:488)
at java.base/java.util.stream.AbstractPipeline.wrapAndCopyInto(AbstractPipeline.java:474)
at java.base/java.util.stream.FindOps$FindOp.evaluateSequential(FindOps.java:150)
at java.base/java.util.stream.AbstractPipeline.evaluate(AbstractPipeline.java:234)
at java.base/java.util.stream.ReferencePipeline.findFirst(ReferencePipeline.java:647)
at org.openqa.selenium.remote.ProtocolHandshake.createSession(ProtocolHandshake.java:128)
at org.openqa.selenium.remote.ProtocolHandshake.createSession(ProtocolHandshake.java:74)
at org.openqa.selenium.remote.HttpCommandExecutor.execute(HttpCommandExecutor.java:136)
at org.openqa.selenium.remote.service.DriverCommandExecutor.execute(DriverCommandExecutor.java:83)
at org.openqa.selenium.remote.RemoteWebDriver.execute(RemoteWebDriver.java:552)
at org.openqa.selenium.remote.RemoteWebDriver.startSession(RemoteWebDriver.java:213)
at org.openqa.selenium.remote.RemoteWebDriver.<init>(RemoteWebDriver.java:131)
at org.openqa.selenium.chrome.ChromeDriver.<init>(ChromeDriver.java:181)
at org.openqa.selenium.chrome.ChromeDriver.<init>(ChromeDriver.java:168)
at org.openqa.selenium.chrome.ChromeDriver.<init>(ChromeDriver.java:123)
at salesforceTestng.SalesfourceTestingTest2.velidate(SalesfourceTestingTest2.java:16)
at java.base/java.util.ArrayList.forEach(ArrayList.java:1511)
... Removed 32 stack frames]]>
    </failure>
  </testcase> <!-- velidate -->
  <testcase classname="salesforceTestng.SalesfourceTestingTest3" name="velidate" time="60.192">
    <failure type="org.openqa.selenium.WebDriverException" message="unknown error: DevToolsActivePort file doesn&amp;apos;t exist
Build info: version: &amp;apos;3.141.59&amp;apos;, revision: &amp;apos;e82be7d358&amp;apos;, time: &amp;apos;2018-11-14T08:17:03&amp;apos;
System info: host: &amp;apos;Kaushals-MacBook-Pro.local&amp;apos;, ip: &amp;apos;fe80:0:0:0:65:7b0f:9cab:3fdd%en0&amp;apos;, os.name: &amp;apos;Mac OS X&amp;apos;, os.arch: &amp;apos;x86_64&amp;apos;, os.version: &amp;apos;10.14.6&amp;apos;, java.version: &amp;apos;16.0.2&amp;apos;
Driver info: driver.version: ChromeDriver
remote stacktrace: 0   chromedriver                        0x000000010d17a6d9 chromedriver + 2758361
1   chromedriver                        0x000000010d82d893 chromedriver + 9783443
2   chromedriver                        0x000000010cf05ad8 chromedriver + 183000
3   chromedriver                        0x000000010cf2a92c chromedriver + 334124
4   chromedriver                        0x000000010cf27198 chromedriver + 319896
5   chromedriver                        0x000000010cf23b16 chromedriver + 305942
6   chromedriver                        0x000000010cf5ca82 chromedriver + 539266
7   chromedriver                        0x000000010cf56d43 chromedriver + 515395
8   chromedriver                        0x000000010cf2da0e chromedriver + 346638
9   chromedriver                        0x000000010cf2ec75 chromedriver + 351349
10  chromedriver                        0x000000010d1411df chromedriver + 2523615
11  chromedriver                        0x000000010d1539f2 chromedriver + 2599410
12  chromedriver                        0x000000010d12602b chromedriver + 2412587
13  chromedriver                        0x000000010d154e1a chromedriver + 2604570
14  chromedriver                        0x000000010d13696c chromedriver + 2480492
15  chromedriver                        0x000000010d16ed38 chromedriver + 2710840
16  chromedriver                        0x000000010d16eec1 chromedriver + 2711233
17  chromedriver                        0x000000010d17f6f8 chromedriver + 2778872
18  libsystem_pthread.dylib             0x00007fff696912eb _pthread_body + 126
19  libsystem_pthread.dylib             0x00007fff69694249 _pthread_start + 66
20  libsystem_pthread.dylib             0x00007fff6969040d thread_start + 13
">
      <![CDATA[org.openqa.selenium.WebDriverException: unknown error: DevToolsActivePort file doesn't exist
Build info: version: '3.141.59', revision: 'e82be7d358', time: '2018-11-14T08:17:03'
System info: host: 'Kaushals-MacBook-Pro.local', ip: 'fe80:0:0:0:65:7b0f:9cab:3fdd%en0', os.name: 'Mac OS X', os.arch: 'x86_64', os.version: '10.14.6', java.version: '16.0.2'
Driver info: driver.version: ChromeDriver
remote stacktrace: 0   chromedriver                        0x000000010d17a6d9 chromedriver + 2758361
1   chromedriver                        0x000000010d82d893 chromedriver + 9783443
2   chromedriver                        0x000000010cf05ad8 chromedriver + 183000
3   chromedriver                        0x000000010cf2a92c chromedriver + 334124
4   chromedriver                        0x000000010cf27198 chromedriver + 319896
5   chromedriver                        0x000000010cf23b16 chromedriver + 305942
6   chromedriver                        0x000000010cf5ca82 chromedriver + 539266
7   chromedriver                        0x000000010cf56d43 chromedriver + 515395
8   chromedriver                        0x000000010cf2da0e chromedriver + 346638
9   chromedriver                        0x000000010cf2ec75 chromedriver + 351349
10  chromedriver                        0x000000010d1411df chromedriver + 2523615
11  chromedriver                        0x000000010d1539f2 chromedriver + 2599410
12  chromedriver                        0x000000010d12602b chromedriver + 2412587
13  chromedriver                        0x000000010d154e1a chromedriver + 2604570
14  chromedriver                        0x000000010d13696c chromedriver + 2480492
15  chromedriver                        0x000000010d16ed38 chromedriver + 2710840
16  chromedriver                        0x000000010d16eec1 chromedriver + 2711233
17  chromedriver                        0x000000010d17f6f8 chromedriver + 2778872
18  libsystem_pthread.dylib             0x00007fff696912eb _pthread_body + 126
19  libsystem_pthread.dylib             0x00007fff69694249 _pthread_start + 66
20  libsystem_pthread.dylib             0x00007fff6969040d thread_start + 13

at org.openqa.selenium.remote.W3CHandshakeResponse.lambda$errorHandler$0(W3CHandshakeResponse.java:62)
at org.openqa.selenium.remote.HandshakeResponse.lambda$getResponseFunction$0(HandshakeResponse.java:30)
at org.openqa.selenium.remote.ProtocolHandshake.lambda$createSession$0(ProtocolHandshake.java:126)
at java.base/java.util.stream.ReferencePipeline$3$1.accept(ReferencePipeline.java:197)
at java.base/java.util.Spliterators$ArraySpliterator.tryAdvance(Spliterators.java:958)
at java.base/java.util.stream.ReferencePipeline.forEachWithCancel(ReferencePipeline.java:129)
at java.base/java.util.stream.AbstractPipeline.copyIntoWithCancel(AbstractPipeline.java:502)
at java.base/java.util.stream.AbstractPipeline.copyInto(AbstractPipeline.java:488)
at java.base/java.util.stream.AbstractPipeline.wrapAndCopyInto(AbstractPipeline.java:474)
at java.base/java.util.stream.FindOps$FindOp.evaluateSequential(FindOps.java:150)
at java.base/java.util.stream.AbstractPipeline.evaluate(AbstractPipeline.java:234)
at java.base/java.util.stream.ReferencePipeline.findFirst(ReferencePipeline.java:647)
at org.openqa.selenium.remote.ProtocolHandshake.createSession(ProtocolHandshake.java:128)
at org.openqa.selenium.remote.ProtocolHandshake.createSession(ProtocolHandshake.java:74)
at org.openqa.selenium.remote.HttpCommandExecutor.execute(HttpCommandExecutor.java:136)
at org.openqa.selenium.remote.service.DriverCommandExecutor.execute(DriverCommandExecutor.java:83)
at org.openqa.selenium.remote.RemoteWebDriver.execute(RemoteWebDriver.java:552)
at org.openqa.selenium.remote.RemoteWebDriver.startSession(RemoteWebDriver.java:213)
at org.openqa.selenium.remote.RemoteWebDriver.<init>(RemoteWebDriver.java:131)
at org.openqa.selenium.chrome.ChromeDriver.<init>(ChromeDriver.java:181)
at org.openqa.selenium.chrome.ChromeDriver.<init>(ChromeDriver.java:168)
at org.openqa.selenium.chrome.ChromeDriver.<init>(ChromeDriver.java:123)
at salesforceTestng.SalesfourceTestingTest3.velidate(SalesfourceTestingTest3.java:18)
at java.base/java.util.ArrayList.forEach(ArrayList.java:1511)
... Removed 32 stack frames]]>
    </failure>
  </testcase> <!-- velidate -->
  <testcase classname="salesforceTestng.SalesforceTestingTest4" name="velidate" time="0.148">
    <failure type="org.openqa.selenium.WebDriverException" message="unknown error: Failed to create Chrome process.
Build info: version: &amp;apos;3.141.59&amp;apos;, revision: &amp;apos;e82be7d358&amp;apos;, time: &amp;apos;2018-11-14T08:17:03&amp;apos;
System info: host: &amp;apos;Kaushals-MacBook-Pro.local&amp;apos;, ip: &amp;apos;fe80:0:0:0:65:7b0f:9cab:3fdd%en0&amp;apos;, os.name: &amp;apos;Mac OS X&amp;apos;, os.arch: &amp;apos;x86_64&amp;apos;, os.version: &amp;apos;10.14.6&amp;apos;, java.version: &amp;apos;16.0.2&amp;apos;
Driver info: driver.version: ChromeDriver
remote stacktrace: 0   chromedriver                        0x000000010d1e96d9 chromedriver + 2758361
1   chromedriver                        0x000000010d89c893 chromedriver + 9783443
2   chromedriver                        0x000000010cf74ad8 chromedriver + 183000
3   chromedriver                        0x000000010cf9665f chromedriver + 321119
4   chromedriver                        0x000000010cf92b16 chromedriver + 305942
5   chromedriver                        0x000000010cfcba82 chromedriver + 539266
6   chromedriver                        0x000000010cfc5d43 chromedriver + 515395
7   chromedriver                        0x000000010cf9ca0e chromedriver + 346638
8   chromedriver                        0x000000010cf9dc75 chromedriver + 351349
9   chromedriver                        0x000000010d1b01df chromedriver + 2523615
10  chromedriver                        0x000000010d1c29f2 chromedriver + 2599410
11  chromedriver                        0x000000010d19502b chromedriver + 2412587
12  chromedriver                        0x000000010d1c3e1a chromedriver + 2604570
13  chromedriver                        0x000000010d1a596c chromedriver + 2480492
14  chromedriver                        0x000000010d1ddd38 chromedriver + 2710840
15  chromedriver                        0x000000010d1ddec1 chromedriver + 2711233
16  chromedriver                        0x000000010d1ee6f8 chromedriver + 2778872
17  libsystem_pthread.dylib             0x00007fff696912eb _pthread_body + 126
18  libsystem_pthread.dylib             0x00007fff69694249 _pthread_start + 66
19  libsystem_pthread.dylib             0x00007fff6969040d thread_start + 13
">
      <![CDATA[org.openqa.selenium.WebDriverException: unknown error: Failed to create Chrome process.
Build info: version: '3.141.59', revision: 'e82be7d358', time: '2018-11-14T08:17:03'
System info: host: 'Kaushals-MacBook-Pro.local', ip: 'fe80:0:0:0:65:7b0f:9cab:3fdd%en0', os.name: 'Mac OS X', os.arch: 'x86_64', os.version: '10.14.6', java.version: '16.0.2'
Driver info: driver.version: ChromeDriver
remote stacktrace: 0   chromedriver                        0x000000010d1e96d9 chromedriver + 2758361
1   chromedriver                        0x000000010d89c893 chromedriver + 9783443
2   chromedriver                        0x000000010cf74ad8 chromedriver + 183000
3   chromedriver                        0x000000010cf9665f chromedriver + 321119
4   chromedriver                        0x000000010cf92b16 chromedriver + 305942
5   chromedriver                        0x000000010cfcba82 chromedriver + 539266
6   chromedriver                        0x000000010cfc5d43 chromedriver + 515395
7   chromedriver                        0x000000010cf9ca0e chromedriver + 346638
8   chromedriver                        0x000000010cf9dc75 chromedriver + 351349
9   chromedriver                        0x000000010d1b01df chromedriver + 2523615
10  chromedriver                        0x000000010d1c29f2 chromedriver + 2599410
11  chromedriver                        0x000000010d19502b chromedriver + 2412587
12  chromedriver                        0x000000010d1c3e1a chromedriver + 2604570
13  chromedriver                        0x000000010d1a596c chromedriver + 2480492
14  chromedriver                        0x000000010d1ddd38 chromedriver + 2710840
15  chromedriver                        0x000000010d1ddec1 chromedriver + 2711233
16  chromedriver                        0x000000010d1ee6f8 chromedriver + 2778872
17  libsystem_pthread.dylib             0x00007fff696912eb _pthread_body + 126
18  libsystem_pthread.dylib             0x00007fff69694249 _pthread_start + 66
19  libsystem_pthread.dylib             0x00007fff6969040d thread_start + 13

at org.openqa.selenium.remote.W3CHandshakeResponse.lambda$errorHandler$0(W3CHandshakeResponse.java:62)
at org.openqa.selenium.remote.HandshakeResponse.lambda$getResponseFunction$0(HandshakeResponse.java:30)
at org.openqa.selenium.remote.ProtocolHandshake.lambda$createSession$0(ProtocolHandshake.java:126)
at java.base/java.util.stream.ReferencePipeline$3$1.accept(ReferencePipeline.java:197)
at java.base/java.util.Spliterators$ArraySpliterator.tryAdvance(Spliterators.java:958)
at java.base/java.util.stream.ReferencePipeline.forEachWithCancel(ReferencePipeline.java:129)
at java.base/java.util.stream.AbstractPipeline.copyIntoWithCancel(AbstractPipeline.java:502)
at java.base/java.util.stream.AbstractPipeline.copyInto(AbstractPipeline.java:488)
at java.base/java.util.stream.AbstractPipeline.wrapAndCopyInto(AbstractPipeline.java:474)
at java.base/java.util.stream.FindOps$FindOp.evaluateSequential(FindOps.java:150)
at java.base/java.util.stream.AbstractPipeline.evaluate(AbstractPipeline.java:234)
at java.base/java.util.stream.ReferencePipeline.findFirst(ReferencePipeline.java:647)
at org.openqa.selenium.remote.ProtocolHandshake.createSession(ProtocolHandshake.java:128)
at org.openqa.selenium.remote.ProtocolHandshake.createSession(ProtocolHandshake.java:74)
at org.openqa.selenium.remote.HttpCommandExecutor.execute(HttpCommandExecutor.java:136)
at org.openqa.selenium.remote.service.DriverCommandExecutor.execute(DriverCommandExecutor.java:83)
at org.openqa.selenium.remote.RemoteWebDriver.execute(RemoteWebDriver.java:552)
at org.openqa.selenium.remote.RemoteWebDriver.startSession(RemoteWebDriver.java:213)
at org.openqa.selenium.remote.RemoteWebDriver.<init>(RemoteWebDriver.java:131)
at org.openqa.selenium.chrome.ChromeDriver.<init>(ChromeDriver.java:181)
at org.openqa.selenium.chrome.ChromeDriver.<init>(ChromeDriver.java:168)
at org.openqa.selenium.chrome.ChromeDriver.<init>(ChromeDriver.java:123)
at salesforceTestng.SalesforceTestingTest4.velidate(SalesforceTestingTest4.java:18)
at java.base/java.util.ArrayList.forEach(ArrayList.java:1511)
... Removed 32 stack frames]]>
    </failure>
  </testcase> <!-- velidate -->
  <testcase classname="salesforceTestng.SalesforceTestingTest5" name="velidate" time="20.07">
    <failure type="org.openqa.selenium.WebDriverException" message="Timed out waiting for driver server to start.
Build info: version: &amp;apos;3.141.59&amp;apos;, revision: &amp;apos;e82be7d358&amp;apos;, time: &amp;apos;2018-11-14T08:17:03&amp;apos;
System info: host: &amp;apos;Kaushals-MacBook-Pro.local&amp;apos;, ip: &amp;apos;fe80:0:0:0:65:7b0f:9cab:3fdd%en0&amp;apos;, os.name: &amp;apos;Mac OS X&amp;apos;, os.arch: &amp;apos;x86_64&amp;apos;, os.version: &amp;apos;10.14.6&amp;apos;, java.version: &amp;apos;16.0.2&amp;apos;
Driver info: driver.version: ChromeDriver">
      <![CDATA[org.openqa.selenium.WebDriverException: Timed out waiting for driver server to start.
Build info: version: '3.141.59', revision: 'e82be7d358', time: '2018-11-14T08:17:03'
System info: host: 'Kaushals-MacBook-Pro.local', ip: 'fe80:0:0:0:65:7b0f:9cab:3fdd%en0', os.name: 'Mac OS X', os.arch: 'x86_64', os.version: '10.14.6', java.version: '16.0.2'
Driver info: driver.version: ChromeDriver
at org.openqa.selenium.remote.service.DriverService.waitUntilAvailable(DriverService.java:202)
at org.openqa.selenium.remote.service.DriverService.start(DriverService.java:188)
at org.openqa.selenium.remote.service.DriverCommandExecutor.execute(DriverCommandExecutor.java:79)
at org.openqa.selenium.remote.RemoteWebDriver.execute(RemoteWebDriver.java:552)
at org.openqa.selenium.remote.RemoteWebDriver.startSession(RemoteWebDriver.java:213)
at org.openqa.selenium.remote.RemoteWebDriver.<init>(RemoteWebDriver.java:131)
at org.openqa.selenium.chrome.ChromeDriver.<init>(ChromeDriver.java:181)
at org.openqa.selenium.chrome.ChromeDriver.<init>(ChromeDriver.java:168)
at org.openqa.selenium.chrome.ChromeDriver.<init>(ChromeDriver.java:123)
at salesforceTestng.SalesforceTestingTest5.velidate(SalesforceTestingTest5.java:17)
at java.base/java.util.ArrayList.forEach(ArrayList.java:1511)
Caused by: org.openqa.selenium.net.UrlChecker$TimeoutException: Timed out waiting for [http://localhost:39076/status] to be available after 20002 ms
at org.openqa.selenium.net.UrlChecker.waitUntilAvailable(UrlChecker.java:100)
at org.openqa.selenium.remote.service.DriverService.waitUntilAvailable(DriverService.java:197)
... 37 more
Caused by: java.util.concurrent.TimeoutException
at java.base/java.util.concurrent.FutureTask.get(FutureTask.java:204)
at com.google.common.util.concurrent.SimpleTimeLimiter.callWithTimeout(SimpleTimeLimiter.java:156)
at org.openqa.selenium.net.UrlChecker.waitUntilAvailable(UrlChecker.java:75)
... 38 more
... Removed 27 stack frames]]>
    </failure>
  </testcase> <!-- velidate -->
</testsuite> <!-- Sales Fource TestNG -->
